Results of pyright linter (version 1.1.370)
See documentation on https://megalinter.io/7.13.0/descriptors/python_pyright/
-----------------------------------------------

❌ [ERROR] for workspace /github/workspace
Linter raw log:

added 1 package, and audited 2 packages in 4s

found 0 vulnerabilities
checkers/utils.py
  checkers/utils.py:24:14 - error: Cannot access attribute "get" for class "str"
    Attribute "get" is unknown (reportAttributeAccessIssue)
  checkers/utils.py:24:30 - error: Argument of type "Literal['name']" cannot be assigned to parameter "key" of type "SupportsIndex | slice" in function "__getitem__"
    Type "Literal['name']" is incompatible with type "SupportsIndex | slice"
      "Literal['name']" is incompatible with protocol "SupportsIndex"
        "__index__" is not present
      "Literal['name']" is incompatible with "slice" (reportArgumentType)
  checkers/utils.py:26:38 - error: Argument of type "Literal['name']" cannot be assigned to parameter "key" of type "SupportsIndex | slice" in function "__getitem__"
    Type "Literal['name']" is incompatible with type "SupportsIndex | slice"
      "Literal['name']" is incompatible with protocol "SupportsIndex"
        "__index__" is not present
      "Literal['name']" is incompatible with "slice" (reportArgumentType)
  checkers/utils.py:31:37 - error: Argument of type "Literal['name']" cannot be assigned to parameter "key" of type "SupportsIndex | slice" in function "__getitem__"
    Type "Literal['name']" is incompatible with type "SupportsIndex | slice"
      "Literal['name']" is incompatible with protocol "SupportsIndex"
        "__index__" is not present
      "Literal['name']" is incompatible with "slice" (reportArgumentType)
  checkers/utils.py:34:30 - error: Argument of type "Literal['name']" cannot be assigned to parameter "key" of type "SupportsIndex | slice" in function "__getitem__"
    Type "Literal['name']" is incompatible with type "SupportsIndex | slice"
      "Literal['name']" is incompatible with protocol "SupportsIndex"
        "__index__" is not present
      "Literal['name']" is incompatible with "slice" (reportArgumentType)
  checkers/utils.py:39:12 - error: Expression of type "Version" is incompatible with return type "str"
    "Version" is incompatible with "str" (reportReturnType)
  checkers/utils.py:72:12 - error: Expression of type "Version" is incompatible with return type "str"
    "Version" is incompatible with "str" (reportReturnType)
7 errors, 0 warnings, 0 informations 
WARNING: there is a new pyright version available (v1.1.370 -> v1.1.371).
Please install the new version or set PYRIGHT_PYTHON_FORCE_VERSION to `latest`


